<?xml version="1.0" encoding="UTF-8"?>
<robot generator="Robot 2.9.1 (Jython 2.7.0 on java1.8.0_60)" generated="20151014 16:09:47.281">
<suite source="C:\CustomLibrary\Robot\Test.robot" name="Test" id="s1">
<test name="Click an Image" id="s1-t1">
<kw type="setup" library="CustomRobotSikuliLibrary" name="Set Image Library">
<arguments>
<arg>C:/CustomLibrary/Images</arg>
</arguments>
<msg level="TRACE" timestamp="20151014 16:09:51.126">Arguments: [ 'C:/CustomLibrary/Images' ]</msg>
<msg level="TRACE" timestamp="20151014 16:09:51.131">Return: None</msg>
<status endtime="20151014 16:09:51.132" starttime="20151014 16:09:51.125" status="PASS"></status>
</kw>
<kw library="CustomRobotSikuliLibrary" name="Set Application Focus">
<arguments>
<arg>Freelancer Desktop App</arg>
</arguments>
<msg level="TRACE" timestamp="20151014 16:09:51.137">Arguments: [ 'Freelancer Desktop App' ]</msg>
<msg level="INFO" timestamp="20151014 16:09:51.147">[log] App.focus:  [4728:Freelancer]</msg>
<msg level="TRACE" timestamp="20151014 16:09:51.150">Return: None</msg>
<status endtime="20151014 16:09:51.152" starttime="20151014 16:09:51.135" status="PASS"></status>
</kw>
<kw library="CustomRobotSikuliLibrary" name="Click Element">
<doc>Click a pattern, string, match, region or location matching the given locator</doc>
<arguments>
<arg>UsernameField.png</arg>
</arguments>
<msg level="TRACE" timestamp="20151014 16:09:51.167">Arguments: [ 'UsernameField.png' ]</msg>
<msg level="INFO" timestamp="20151014 16:09:52.530">[log] CLICK on L(574,366)@S(0)[0,0 1152x864]</msg>
<msg level="TRACE" timestamp="20151014 16:09:52.536">Return: None</msg>
<status endtime="20151014 16:09:52.537" starttime="20151014 16:09:51.157" status="PASS"></status>
</kw>
<status critical="yes" endtime="20151014 16:09:52.541" starttime="20151014 16:09:51.120" status="PASS"></status>
</test>
<status endtime="20151014 16:09:52.563" starttime="20151014 16:09:47.307" status="PASS"></status>
</suite>
<statistics>
<total>
<stat pass="1" fail="0">Critical Tests</stat>
<stat pass="1" fail="0">All Tests</stat>
</total>
<tag>
</tag>
<suite>
<stat pass="1" fail="0" name="Test" id="s1">Test</stat>
</suite>
</statistics>
<errors>
</errors>
</robot>
